<?xml version="1.0" encoding="UTF-8"?>
<!-- Generated by org.testng.reporters.JUnitReportReporter -->
<testsuite skipped="0" hostname="Nadias-MacBook-Pro.local" name="tests.registerationTest" tests="4" failures="0" timestamp="2021-09-21T04:06:31 EET" time="4.861" errors="0">
  <testcase name="moveToSignInPage" time="1.151" classname="tests.registerationTest"/>
  <system-out/>
  <testcase name="moveToRegisterationPage" time="2.707" classname="tests.registerationTest"/>
  <system-out/>
  <testcase name="fillRegisterationForm" time="0.935" classname="tests.registerationTest"/>
  <system-out/>
  <testcase name="submitData" time="0.068" classname="tests.registerationTest"/>
  <system-out/>
</testsuite> <!-- tests.registerationTest -->
