<?xml version="1.0" encoding="UTF-8"?>
<!-- Generated by org.testng.reporters.JUnitReportReporter -->
<testsuite skipped="0" hostname="Nadias-MacBook-Pro.local" name="tests.loginTest" tests="3" failures="0" timestamp="2021-09-21T04:06:31 EET" time="1.855" errors="0">
  <testcase name="moveToSignInPage" time="1.495" classname="tests.loginTest"/>
  <system-out/>
  <testcase name="moveToRegisterationPage" time="0.049" classname="tests.loginTest"/>
  <system-out/>
  <testcase name="fillRegisterationForm" time="0.311" classname="tests.loginTest"/>
  <system-out/>
</testsuite> <!-- tests.loginTest -->
