<?xml version="1.0" encoding="UTF-8"?>
<!-- Generated by org.testng.reporters.JUnitReportReporter -->
<testsuite skipped="0" hostname="Nadias-MacBook-Pro.local" name="restAssured.tests.Categories_With_TV_In_Name" tests="1" failures="0" timestamp="2021-09-21T04:06:31 EET" time="1.184" errors="0">
  <testcase name="test_Categories_With_TV_In_Name" time="1.184" classname="restAssured.tests.Categories_With_TV_In_Name"/>
  <system-out/>
</testsuite> <!-- restAssured.tests.Categories_With_TV_In_Name -->
