<?xml version="1.0" encoding="UTF-8"?>
<!-- Generated by org.testng.reporters.JUnitReportReporter -->
<testsuite skipped="0" hostname="Nadias-MacBook-Pro.local" name="restAssured.tests.highest_Priced_Products" tests="1" failures="0" timestamp="2021-09-21T04:06:31 EET" time="0.204" errors="0">
  <testcase name="test_highest_Priced_Products" time="0.204" classname="restAssured.tests.highest_Priced_Products"/>
  <system-out/>
</testsuite> <!-- restAssured.tests.highest_Priced_Products -->
