<?xml version="1.0" encoding="UTF-8"?>
<!-- Generated by org.testng.reporters.JUnitReportReporter -->
<testsuite skipped="0" hostname="Nadias-MacBook-Pro.local" name="restAssured.tests.Create_Product" tests="1" failures="0" timestamp="2021-09-21T04:06:31 EET" time="0.195" errors="0">
  <testcase name="test_Create_Product" time="0.195" classname="restAssured.tests.Create_Product"/>
  <system-out/>
</testsuite> <!-- restAssured.tests.Create_Product -->
