<?xml version="1.0" encoding="UTF-8"?>
<!-- Generated by org.testng.reporters.JUnitReportReporter -->
<testsuite skipped="0" hostname="Nadias-MacBook-Pro.local" name="restAssured.tests.stores_Sell_Apple_products" tests="1" failures="0" timestamp="2021-09-21T04:06:31 EET" time="0.237" errors="0">
  <testcase name="test_stores_Sell_Apple_products" time="0.237" classname="restAssured.tests.stores_Sell_Apple_products"/>
  <system-out/>
</testsuite> <!-- restAssured.tests.stores_Sell_Apple_products -->
