<?xml version="1.0" encoding="UTF-8"?>
<!-- Generated by org.testng.reporters.JUnitReportReporter -->
<testsuite skipped="0" hostname="Nadias-MacBook-Pro.local" name="restAssured.tests.StartSession_post_Mobile" tests="1" failures="0" timestamp="2021-09-20T21:40:24 EET" time="1.339" errors="0">
  <testcase name="testMSISDN" time="1.339" classname="restAssured.tests.StartSession_post_Mobile"/>
  <system-out/>
</testsuite> <!-- restAssured.tests.StartSession_post_Mobile -->
